{"name":"app","hostname":"DESKTOP-K2IF0EU","pid":18542,"level":50,"database":{},"msg":"","time":"2025-04-28T16:09:45.036Z","v":0}
{"name":"app","hostname":"DESKTOP-K2IF0EU","pid":18542,"level":50,"API":{"type":{"code":500,"name":"Internal Server Error"},"message":"","error":null},"msg":"","time":"2025-04-28T16:10:47.603Z","v":0}
{"name":"app","hostname":"DESKTOP-K2IF0EU","pid":18542,"level":50,"API":{"type":{"code":500,"name":"Internal Server Error"},"message":"","error":null},"msg":"","time":"2025-04-28T16:11:00.806Z","v":0}
{"name":"app","hostname":"DESKTOP-K2IF0EU","pid":3332,"level":50,"database":{},"msg":"","time":"2025-04-28T17:34:11.370Z","v":0}
{"name":"app","hostname":"DESKTOP-K2IF0EU","pid":5420,"level":50,"database":{},"msg":"","time":"2025-04-28T17:42:42.517Z","v":0}
{"name":"app","hostname":"DESKTOP-K2IF0EU","pid":19787,"level":50,"database":{},"msg":"","time":"2025-04-28T19:16:09.936Z","v":0}
{"name":"app","hostname":"DESKTOP-K2IF0EU","pid":10801,"level":50,"database":{},"msg":"","time":"2025-04-29T00:17:21.400Z","v":0}
{"name":"app","hostname":"DESKTOP-K2IF0EU","pid":11030,"level":50,"database":{},"msg":"","time":"2025-04-29T00:17:50.777Z","v":0}
{"name":"app","hostname":"DESKTOP-K2IF0EU","pid":11030,"level":50,"API":{"type":{"code":500,"name":"Internal Server Error"},"message":"","error":null},"msg":"","time":"2025-04-29T00:18:47.465Z","v":0}
{"name":"app","hostname":"DESKTOP-K2IF0EU","pid":14266,"level":50,"database":{},"msg":"","time":"2025-04-29T00:25:59.310Z","v":0}
{"name":"app","hostname":"DESKTOP-K2IF0EU","pid":14901,"level":50,"database":{},"msg":"","time":"2025-04-29T00:27:10.283Z","v":0}
{"name":"app","hostname":"DESKTOP-K2IF0EU","pid":19042,"level":50,"database":{"message":"getaddrinfo ENOTFOUND mongo","reason":{"type":"Unknown","servers":{},"stale":false,"compatible":true,"heartbeatFrequencyMS":10000,"localThresholdMS":15,"setName":null,"maxElectionId":null,"maxSetVersion":null,"commonWireVersion":0,"logicalSessionTimeoutMinutes":null}},"msg":"","time":"2025-04-29T00:41:50.635Z","v":0}
{"name":"app","hostname":"DESKTOP-K2IF0EU","pid":23631,"level":50,"database":{"message":"getaddrinfo ENOTFOUND mongo","reason":{"type":"Unknown","servers":{},"stale":false,"compatible":true,"heartbeatFrequencyMS":10000,"localThresholdMS":15,"setName":null,"maxElectionId":null,"maxSetVersion":null,"commonWireVersion":0,"logicalSessionTimeoutMinutes":null}},"msg":"","time":"2025-04-29T00:54:49.860Z","v":0}
{"name":"app","hostname":"DESKTOP-K2IF0EU","pid":23931,"level":50,"database":{},"msg":"","time":"2025-04-29T00:55:03.346Z","v":0}
{"name":"app","hostname":"DESKTOP-K2IF0EU","pid":24462,"level":50,"API":{"type":{"code":500,"name":"Internal Server Error"},"message":"","error":null},"msg":"","time":"2025-04-29T00:56:03.295Z","v":0}
{"name":"app","hostname":"DESKTOP-K2IF0EU","pid":24462,"level":50,"database":{"message":"getaddrinfo ENOTFOUND mongo","reason":{"type":"Unknown","servers":{},"stale":false,"compatible":true,"heartbeatFrequencyMS":10000,"localThresholdMS":15,"setName":null,"maxElectionId":null,"maxSetVersion":null,"commonWireVersion":0,"logicalSessionTimeoutMinutes":null}},"msg":"","time":"2025-04-29T00:56:16.545Z","v":0}
{"name":"app","hostname":"DESKTOP-K2IF0EU","pid":24731,"level":50,"database":{"message":"getaddrinfo ENOTFOUND mongo","reason":{"type":"Unknown","servers":{},"stale":false,"compatible":true,"heartbeatFrequencyMS":10000,"localThresholdMS":15,"setName":null,"maxElectionId":null,"maxSetVersion":null,"commonWireVersion":0,"logicalSessionTimeoutMinutes":null}},"msg":"","time":"2025-04-29T00:56:49.145Z","v":0}
{"name":"app","hostname":"DESKTOP-K2IF0EU","pid":38155,"level":50,"database":{"message":"getaddrinfo ENOTFOUND mongo","reason":{"type":"Unknown","servers":{},"stale":false,"compatible":true,"heartbeatFrequencyMS":10000,"localThresholdMS":15,"setName":null,"maxElectionId":null,"maxSetVersion":null,"commonWireVersion":0,"logicalSessionTimeoutMinutes":null}},"msg":"","time":"2025-04-29T16:35:07.345Z","v":0}
{"name":"app","hostname":"DESKTOP-K2IF0EU","pid":38155,"level":50,"API":{"type":{"code":500,"name":"Internal Server Error"},"message":"","error":null},"msg":"","time":"2025-04-29T16:35:19.319Z","v":0}
{"name":"app","hostname":"DESKTOP-K2IF0EU","pid":38624,"level":50,"API":{"type":{"code":500,"name":"Internal Server Error"},"message":"","error":null},"msg":"","time":"2025-04-29T16:35:59.416Z","v":0}
{"name":"app","hostname":"DESKTOP-K2IF0EU","pid":38624,"level":50,"database":{"message":"getaddrinfo ENOTFOUND database","reason":{"type":"Unknown","servers":{},"stale":false,"compatible":true,"heartbeatFrequencyMS":10000,"localThresholdMS":15,"setName":null,"maxElectionId":null,"maxSetVersion":null,"commonWireVersion":0,"logicalSessionTimeoutMinutes":null}},"msg":"","time":"2025-04-29T16:36:13.891Z","v":0}
{"name":"app","hostname":"DESKTOP-K2IF0EU","pid":39646,"level":50,"api":"Coordenadas (coordinates) são inválidas","msg":"","time":"2025-04-29T16:38:43.240Z","v":0}
{"name":"app","hostname":"DESKTOP-K2IF0EU","pid":39646,"level":50,"API":{"type":{"code":500,"name":"Internal Server Error"},"message":"","error":"{\"errors\":{\"location.coordinates\":{\"stringValue\":\"\\\"[ -52.4618214, -28.5349844 ]\\\"\",\"valueType\":\"Array\",\"kind\":\"Number\",\"value\":[-52.4618214,-28.5349844],\"path\":\"coordinates\",\"reason\":{\"generatedMessage\":true,\"code\":\"ERR_ASSERTION\",\"actual\":false,\"expected\":true,\"operator\":\"==\"},\"name\":\"CastError\",\"message\":\"Cast to Number failed for value \\\"[ -52.4618214, -28.5349844 ]\\\" (type Array) at path \\\"coordinates\\\"\"}},\"_message\":\"User validation failed\",\"name\":\"ValidationError\",\"message\":\"User validation failed: location.coordinates: Cast to Number failed for value \\\"[ -52.4618214, -28.5349844 ]\\\" (type Array) at path \\\"coordinates\\\"\"}"},"msg":"","time":"2025-04-29T16:38:43.242Z","v":0}
